<?xml version="1.0" encoding="UTF-8"?>
<!-- Generated by org.testng.reporters.JUnitReportReporter -->
<testsuite hostname="LAPTOP-9SQDDSJ6" failures="0" tests="2" name="tests.TestRunner2" time="44.155" errors="0" timestamp="2023-11-24T12:10:00 GMT" skipped="0">
  <testcase classname="tests.TestRunner2" name="runScenario" time="16.992"/>
  <testcase classname="tests.TestRunner2" name="runScenario" time="27.163"/>
</testsuite> <!-- tests.TestRunner2 -->
