<?xml version="1.0" encoding="UTF-8"?>
<!-- Generated by org.testng.reporters.JUnitReportReporter -->
<testsuite hostname="LAPTOP-9SQDDSJ6" failures="0" tests="5" name="tests.TestRunner3" time="36.049" errors="0" timestamp="2023-11-24T12:10:00 GMT" skipped="0">
  <testcase classname="tests.TestRunner3" name="runScenario" time="16.183"/>
  <testcase classname="tests.TestRunner3" name="runScenario" time="4.829"/>
  <testcase classname="tests.TestRunner3" name="runScenario" time="5.102"/>
  <testcase classname="tests.TestRunner3" name="runScenario" time="4.535"/>
  <testcase classname="tests.TestRunner3" name="runScenario" time="5.400"/>
</testsuite> <!-- tests.TestRunner3 -->
