<?xml version="1.0" encoding="UTF-8"?>
<!-- Generated by org.testng.reporters.JUnitReportReporter -->
<testsuite hostname="LAPTOP-9SQDDSJ6" failures="0" tests="7" name="tests.TestRunner1" time="57.250" errors="0" timestamp="2023-11-24T12:03:36 GMT" skipped="0">
  <testcase classname="tests.TestRunner1" name="runScenario" time="4.401"/>
  <testcase classname="tests.TestRunner1" name="runScenario" time="7.757"/>
  <testcase classname="tests.TestRunner1" name="runScenario" time="4.733"/>
  <testcase classname="tests.TestRunner1" name="runScenario" time="16.234"/>
  <testcase classname="tests.TestRunner1" name="runScenario" time="4.525"/>
  <testcase classname="tests.TestRunner1" name="runScenario" time="15.248"/>
  <testcase classname="tests.TestRunner1" name="runScenario" time="4.352"/>
</testsuite> <!-- tests.TestRunner1 -->
